This file contains any messages produced by compilers while
running configure, to aid debugging if configure makes a mistake.

It was created by configure, which was
generated by GNU Autoconf 2.69.  Invocation command line was

  $ ./configure 

## --------- ##
## Platform. ##
## --------- ##

hostname = dsn-thevillage
uname -m = x86_64
uname -r = 13.2.0
uname -s = Darwin
uname -v = Darwin Kernel Version 13.2.0: Thu Apr 17 23:03:13 PDT 2014; root:xnu-2422.100.13~1/RELEASE_X86_64

/usr/bin/uname -p = unknown
/bin/uname -X     = unknown

/bin/arch              = unknown
/usr/bin/arch -k       = unknown
/usr/convex/getsysinfo = unknown
/usr/bin/hostinfo      = Mach kernel version:
	 Darwin Kernel Version 13.2.0: Thu Apr 17 23:03:13 PDT 2014; root:xnu-2422.100.13~1/RELEASE_X86_64
Kernel configured for up to 4 processors.
2 processors are physically available.
4 processors are logically available.
Processor type: i486 (Intel 80486)
Processors active: 0 1 2 3
Primary memory available: 8.00 gigabytes
Default processor set: 177 tasks, 744 threads, 4 processors
Load average: 1.04, Mach factor: 2.95
/bin/machine           = unknown
/usr/bin/oslevel       = unknown
/bin/universe          = unknown

PATH: /home/dsn/.opam/system/bin
PATH: /usr/lib/lightdm/lightdm
PATH: /usr/local/sbin
PATH: /usr/local/bin
PATH: /usr/sbin
PATH: /usr/bin
PATH: /sbin
PATH: /bin
PATH: /usr/games


## ----------- ##
## Core tests. ##
## ----------- ##

configure:2271: checking for gcc
configure:2287: found /usr/bin/gcc
configure:2298: result: gcc
configure:2527: checking for C compiler version
configure:2536: gcc --version >&5
Apple LLVM version 5.1 (clang-503.0.40) (based on LLVM 3.4svn)
Target: x86_64-apple-darwin13.2.0
Thread model: posix
Configured with: --prefix=/Applications/Xcode.app/Contents/Developer/usr --with-gxx-include-dir=/usr/include/c++/4.2.1
configure:2547: $? = 0
configure:2536: gcc -v >&5
Configured with: --prefix=/Applications/Xcode.app/Contents/Developer/usr --with-gxx-include-dir=/usr/include/c++/4.2.1
Apple LLVM version 5.1 (clang-503.0.40) (based on LLVM 3.4svn)
Target: x86_64-apple-darwin13.2.0
Thread model: posix
gcc version 4.6.3 (Ubuntu/Linaro 4.6.3-1ubuntu5) 
configure:2547: $? = 0
configure:2536: gcc -V >&5
gcc: error: unrecognized option '-V'
gcc: fatal error: no input files
compilation terminated.
configure:2547: $? = 4
configure:2536: gcc -qversion >&5
gcc: error: unrecognized option '-qversion'
gcc: fatal error: no input files
compilation terminated.
configure:2547: $? = 4
configure:2567: checking whether the C compiler works
configure:2589: gcc    conftest.c  >&5
configure:2593: $? = 0
configure:2641: result: yes
configure:2644: checking for C compiler default output file name
configure:2646: result: a.out
configure:2652: checking for suffix of executables
configure:2659: gcc -o conftest    conftest.c  >&5
configure:2663: $? = 0
configure:2685: result: 
configure:2707: checking whether we are cross compiling
configure:2715: gcc -o conftest    conftest.c  >&5
configure:2719: $? = 0
configure:2726: ./conftest
configure:2730: $? = 0
configure:2745: result: no
configure:2750: checking for suffix of object files
configure:2772: gcc -c   conftest.c >&5
configure:2776: $? = 0
configure:2797: result: o
configure:2801: checking whether we are using the GNU C compiler
configure:2820: gcc -c   conftest.c >&5
configure:2820: $? = 0
configure:2829: result: yes
configure:2838: checking whether gcc accepts -g
configure:2858: gcc -c -g  conftest.c >&5
configure:2858: $? = 0
configure:2899: result: yes
configure:2916: checking for gcc option to accept ISO C89
configure:2979: gcc  -c -g -O2  conftest.c >&5
configure:2979: $? = 0
configure:2992: result: none needed
configure:3056: checking for a BSD-compatible install
configure:3124: result: /usr/bin/install -c
configure:3143: checking build system type
configure:3157: result: x86_64-apple-darwin13.2.0
configure:3177: checking host system type
configure:3190: result: x86_64-apple-darwin13.2.0
configure:3210: checking target system type
configure:3223: result: x86_64-apple-darwin13.2.0
configure:3262: checking for msvc cl.exe (optional)
configure:3278: result: not found
configure:3330: checking for ocamlc
configure:3346: found /usr/bin/ocamlc
configure:3357: result: ocamlc
configure:3382: result: OCaml version is 4.01.0
configure:3391: result: OCaml library path is /usr/lib/ocaml
configure:3441: checking for ocamlopt
configure:3457: found /usr/bin/ocamlopt
configure:3468: result: ocamlopt
configure:3551: checking for ocamlc.opt
configure:3581: result: no
configure:3655: checking for ocamlopt.opt
configure:3685: result: no
configure:3764: checking for ocaml
configure:3780: found /usr/bin/ocaml
configure:3791: result: ocaml
configure:3858: checking for ocamldep
configure:3874: found /usr/bin/ocamldep
configure:3885: result: ocamldep
configure:3952: checking for ocamlmktop
configure:3968: found /usr/bin/ocamlmktop
configure:3979: result: ocamlmktop
configure:4046: checking for ocamlmklib
configure:4062: found /usr/bin/ocamlmklib
configure:4073: result: ocamlmklib
configure:4140: checking for ocamldoc
configure:4156: found /usr/bin/ocamldoc
configure:4167: result: ocamldoc
configure:4234: checking for ocamlbuild
configure:4250: found /usr/bin/ocamlbuild
configure:4261: result: ocamlbuild
configure:4336: checking for ocamllex
configure:4352: found /usr/bin/ocamllex
configure:4363: result: ocamllex
configure:4429: checking for ocamllex.opt
configure:4459: result: no
configure:4531: checking for ocamlyacc
configure:4547: found /usr/bin/ocamlyacc
configure:4558: result: ocamlyacc
configure:4631: checking for ocamlfind
configure:4647: found /home/dsn/.opam/system/bin/ocamlfind
configure:4658: result: ocamlfind
configure:4731: checking for perl
configure:4747: found /usr/bin/perl
configure:4758: result: perl
configure:4788: checking for gcc version
configure:4796: checking how to run the C preprocessor
configure:4827: gcc -E  conftest.c
configure:4827: $? = 0
configure:4841: gcc -E  conftest.c
conftest.c:9:28: fatal error: ac_nonexistent.h: No such file or directory
compilation terminated.
configure:4841: $? = 1
configure: failed program was:
| /* confdefs.h */
| #define PACKAGE_NAME ""
| #define PACKAGE_TARNAME ""
| #define PACKAGE_VERSION ""
| #define PACKAGE_STRING ""
| #define PACKAGE_BUGREPORT ""
| #define PACKAGE_URL ""
| /* end confdefs.h.  */
| #include <ac_nonexistent.h>
configure:4866: result: gcc -E
configure:4886: gcc -E  conftest.c
configure:4886: $? = 0
configure:4900: gcc -E  conftest.c
conftest.c:9:28: fatal error: ac_nonexistent.h: No such file or directory
compilation terminated.
configure:4900: $? = 1
configure: failed program was:
| /* confdefs.h */
| #define PACKAGE_NAME ""
| #define PACKAGE_TARNAME ""
| #define PACKAGE_VERSION ""
| #define PACKAGE_STRING ""
| #define PACKAGE_BUGREPORT ""
| #define PACKAGE_URL ""
| /* end confdefs.h.  */
| #include <ac_nonexistent.h>
configure:4929: checking for grep that handles long lines and -e
configure:4987: result: /bin/grep
configure:4992: checking for egrep
configure:5054: result: /bin/grep -E
configure:5059: checking for ANSI C header files
configure:5079: gcc -c -g -O2  conftest.c >&5
configure:5079: $? = 0
configure:5152: gcc -o conftest -g -O2   conftest.c  >&5
configure:5152: $? = 0
configure:5152: ./conftest
configure:5152: $? = 0
configure:5163: result: yes
configure:5176: checking for sys/types.h
configure:5176: gcc -c -g -O2  conftest.c >&5
configure:5176: $? = 0
configure:5176: result: yes
configure:5176: checking for sys/stat.h
configure:5176: gcc -c -g -O2  conftest.c >&5
configure:5176: $? = 0
configure:5176: result: yes
configure:5176: checking for stdlib.h
configure:5176: gcc -c -g -O2  conftest.c >&5
configure:5176: $? = 0
configure:5176: result: yes
configure:5176: checking for string.h
configure:5176: gcc -c -g -O2  conftest.c >&5
configure:5176: $? = 0
configure:5176: result: yes
configure:5176: checking for memory.h
configure:5176: gcc -c -g -O2  conftest.c >&5
configure:5176: $? = 0
configure:5176: result: yes
configure:5176: checking for strings.h
configure:5176: gcc -c -g -O2  conftest.c >&5
configure:5176: $? = 0
configure:5176: result: yes
configure:5176: checking for inttypes.h
configure:5176: gcc -c -g -O2  conftest.c >&5
configure:5176: $? = 0
configure:5176: result: yes
configure:5176: checking for stdint.h
configure:5176: gcc -c -g -O2  conftest.c >&5
configure:5176: $? = 0
configure:5176: result: yes
configure:5176: checking for unistd.h
configure:5176: gcc -c -g -O2  conftest.c >&5
configure:5176: $? = 0
configure:5176: result: yes
configure:5188: checking for __builtin_va_list
configure:5188: gcc -c -g -O2  conftest.c >&5
configure:5188: $? = 0
configure:5188: gcc -c -g -O2  conftest.c >&5
conftest.c: In function 'main':
conftest.c:55:32: error: expected expression before ')' token
configure:5188: $? = 1
configure: failed program was:
| /* confdefs.h */
| #define PACKAGE_NAME ""
| #define PACKAGE_TARNAME ""
| #define PACKAGE_VERSION ""
| #define PACKAGE_STRING ""
| #define PACKAGE_BUGREPORT ""
| #define PACKAGE_URL ""
| #define STDC_HEADERS 1
| #define HAVE_SYS_TYPES_H 1
| #define HAVE_SYS_STAT_H 1
| #define HAVE_STDLIB_H 1
| #define HAVE_STRING_H 1
| #define HAVE_MEMORY_H 1
| #define HAVE_STRINGS_H 1
| #define HAVE_INTTYPES_H 1
| #define HAVE_STDINT_H 1
| #define HAVE_UNISTD_H 1
| /* end confdefs.h.  */
| #include <stdio.h>
| #ifdef HAVE_SYS_TYPES_H
| # include <sys/types.h>
| #endif
| #ifdef HAVE_SYS_STAT_H
| # include <sys/stat.h>
| #endif
| #ifdef STDC_HEADERS
| # include <stdlib.h>
| # include <stddef.h>
| #else
| # ifdef HAVE_STDLIB_H
| #  include <stdlib.h>
| # endif
| #endif
| #ifdef HAVE_STRING_H
| # if !defined STDC_HEADERS && defined HAVE_MEMORY_H
| #  include <memory.h>
| # endif
| # include <string.h>
| #endif
| #ifdef HAVE_STRINGS_H
| # include <strings.h>
| #endif
| #ifdef HAVE_INTTYPES_H
| # include <inttypes.h>
| #endif
| #ifdef HAVE_STDINT_H
| # include <stdint.h>
| #endif
| #ifdef HAVE_UNISTD_H
| # include <unistd.h>
| #endif
| int
| main ()
| {
| if (sizeof ((__builtin_va_list)))
| 	    return 0;
|   ;
|   return 0;
| }
configure:5188: result: yes
configure:5195: checking if __thread is a keyword
configure:5201: gcc -c -g -O2  conftest.c >&5
conftest.c:19:1: error: storage class specified for unnamed parameter
conftest.c: In function 'main':
conftest.c:19:1: error: parameter name omitted
configure:5201: $? = 1
configure: failed program was:
| /* confdefs.h */
| #define PACKAGE_NAME ""
| #define PACKAGE_TARNAME ""
| #define PACKAGE_VERSION ""
| #define PACKAGE_STRING ""
| #define PACKAGE_BUGREPORT ""
| #define PACKAGE_URL ""
| #define STDC_HEADERS 1
| #define HAVE_SYS_TYPES_H 1
| #define HAVE_SYS_STAT_H 1
| #define HAVE_STDLIB_H 1
| #define HAVE_STRING_H 1
| #define HAVE_MEMORY_H 1
| #define HAVE_STRINGS_H 1
| #define HAVE_INTTYPES_H 1
| #define HAVE_STDINT_H 1
| #define HAVE_UNISTD_H 1
| /* end confdefs.h.  */
| int main(int __thread) { return 0; }
configure:5207: result: true
configure:5212: checking if gcc adds underscores to assembly labels.
configure:5218: gcc -o conftest -g -O2   conftest.c  >&5
/tmp/ccS09DrV.o: In function `main':
/home/dsn/Research/fault-localization/cil-1.7.3/conftest.c:19: undefined reference to `_main'
collect2: ld returned 1 exit status
configure:5218: $? = 1
configure: failed program was:
| /* confdefs.h */
| #define PACKAGE_NAME ""
| #define PACKAGE_TARNAME ""
| #define PACKAGE_VERSION ""
| #define PACKAGE_STRING ""
| #define PACKAGE_BUGREPORT ""
| #define PACKAGE_URL ""
| #define STDC_HEADERS 1
| #define HAVE_SYS_TYPES_H 1
| #define HAVE_SYS_STAT_H 1
| #define HAVE_STDLIB_H 1
| #define HAVE_STRING_H 1
| #define HAVE_MEMORY_H 1
| #define HAVE_STRINGS_H 1
| #define HAVE_INTTYPES_H 1
| #define HAVE_STDINT_H 1
| #define HAVE_UNISTD_H 1
| /* end confdefs.h.  */
| int main() { __asm__("jmp _main"); }
configure:5225: result: false
configure:5233: checking for ANSI C header files
configure:5337: result: yes
configure:5348: checking for stdlib.h
configure:5348: result: yes
configure:5348: checking for strings.h
configure:5348: result: yes
configure:5348: checking sys/time.h usability
configure:5348: gcc -c -g -O2  conftest.c >&5
configure:5348: $? = 0
configure:5348: result: yes
configure:5348: checking sys/time.h presence
configure:5348: gcc -E  conftest.c
configure:5348: $? = 0
configure:5348: result: yes
configure:5348: checking for sys/time.h
configure:5348: result: yes
configure:5348: checking for unistd.h
configure:5348: result: yes
configure:5348: checking wchar.h usability
configure:5348: gcc -c -g -O2  conftest.c >&5
configure:5348: $? = 0
configure:5348: result: yes
configure:5348: checking wchar.h presence
configure:5348: gcc -E  conftest.c
configure:5348: $? = 0
configure:5348: result: yes
configure:5348: checking for wchar.h
configure:5348: result: yes
configure:5348: checking stdbool.h usability
configure:5348: gcc -c -g -O2  conftest.c >&5
configure:5348: $? = 0
configure:5348: result: yes
configure:5348: checking stdbool.h presence
configure:5348: gcc -E  conftest.c
configure:5348: $? = 0
configure:5348: result: yes
configure:5348: checking for stdbool.h
configure:5348: result: yes
configure:5360: checking for an ANSI C-conforming const
configure:5426: gcc -c -g -O2  conftest.c >&5
configure:5426: $? = 0
configure:5433: result: yes
configure:5441: checking for inline
configure:5457: gcc -c -g -O2  conftest.c >&5
configure:5457: $? = 0
configure:5465: result: inline
configure:5483: checking whether time.h and sys/time.h may both be included
configure:5503: gcc -c -g -O2  conftest.c >&5
configure:5503: $? = 0
configure:5510: result: yes
configure:5520: checking for working memcmp
configure:5563: gcc -o conftest -g -O2   conftest.c  >&5
configure:5563: $? = 0
configure:5563: ./conftest
configure:5563: $? = 0
configure:5573: result: yes
configure:5585: checking for mkdir
configure:5585: gcc -o conftest -g -O2   conftest.c  >&5
configure:5585: $? = 0
configure:5585: result: yes
configure:5585: checking for select
configure:5585: gcc -o conftest -g -O2   conftest.c  >&5
configure:5585: $? = 0
configure:5585: result: yes
configure:5585: checking for socket
configure:5585: gcc -o conftest -g -O2   conftest.c  >&5
configure:5585: $? = 0
configure:5585: result: yes
configure:5585: checking for __sysv_signal
configure:5585: gcc -o conftest -g -O2   conftest.c  >&5
Undefined symbols for architecture x86_64:
  "___sysv_signal", referenced from:
      _main in conftest-55d33f.o
ld: symbol(s) not found for architecture x86_64
clang: error: linker command failed with exit code 1 (use -v to see invocation)
configure:5585: $? = 1
configure: failed program was:
| /* confdefs.h */
| #define PACKAGE_NAME ""
| #define PACKAGE_TARNAME ""
| #define PACKAGE_VERSION ""
| #define PACKAGE_STRING ""
| #define PACKAGE_BUGREPORT ""
| #define PACKAGE_URL ""
| #define STDC_HEADERS 1
| #define HAVE_SYS_TYPES_H 1
| #define HAVE_SYS_STAT_H 1
| #define HAVE_STDLIB_H 1
| #define HAVE_STRING_H 1
| #define HAVE_MEMORY_H 1
| #define HAVE_STRINGS_H 1
| #define HAVE_INTTYPES_H 1
| #define HAVE_STDINT_H 1
| #define HAVE_UNISTD_H 1
| #define STDC_HEADERS 1
| #define HAVE_STDLIB_H 1
| #define HAVE_STRINGS_H 1
| #define HAVE_SYS_TIME_H 1
| #define HAVE_UNISTD_H 1
| #define HAVE_WCHAR_H 1
| #define HAVE_STDBOOL_H 1
| #define TIME_WITH_SYS_TIME 1
| #define HAVE_MKDIR 1
| #define HAVE_SELECT 1
| #define HAVE_SOCKET 1
| /* end confdefs.h.  */
| /* Define __sysv_signal to an innocuous variant, in case <limits.h> declares __sysv_signal.
|    For example, HP-UX 11i <limits.h> declares gettimeofday.  */
| #define __sysv_signal innocuous___sysv_signal
| 
| /* System header to define __stub macros and hopefully few prototypes,
|     which can conflict with char __sysv_signal (); below.
|     Prefer <limits.h> to <assert.h> if __STDC__ is defined, since
|     <limits.h> exists even on freestanding compilers.  */
| 
| #ifdef __STDC__
| # include <limits.h>
| #else
| # include <assert.h>
| #endif
| 
| #undef __sysv_signal
| 
| /* Override any GCC internal prototype to avoid an error.
|    Use char because int might match the return type of a GCC
|    builtin and then its argument prototype would still apply.  */
| #ifdef __cplusplus
| extern "C"
| #endif
| char __sysv_signal ();
| /* The GNU C library defines this for functions which it implements
|     to always fail with ENOSYS.  Some functions are actually named
|     something starting with __ and the normal name is an alias.  */
| #if defined __stub___sysv_signal || defined __stub_____sysv_signal
| choke me
| #endif
| 
| int
| main ()
| {
| return __sysv_signal ();
|   ;
|   return 0;
| }
configure:5585: result: no
configure:5597: checking for real definition of size_t
configure:5614: gcc -c -g -O2  conftest.c >&5
conftest.c:38:8: error: conflicting types for 'foo'
conftest.c:37:5: note: previous declaration of 'foo' was here
configure:5614: $? = 1
configure: failed program was:
| /* confdefs.h */
| #define PACKAGE_NAME ""
| #define PACKAGE_TARNAME ""
| #define PACKAGE_VERSION ""
| #define PACKAGE_STRING ""
| #define PACKAGE_BUGREPORT ""
| #define PACKAGE_URL ""
| #define STDC_HEADERS 1
| #define HAVE_SYS_TYPES_H 1
| #define HAVE_SYS_STAT_H 1
| #define HAVE_STDLIB_H 1
| #define HAVE_STRING_H 1
| #define HAVE_MEMORY_H 1
| #define HAVE_STRINGS_H 1
| #define HAVE_INTTYPES_H 1
| #define HAVE_STDINT_H 1
| #define HAVE_UNISTD_H 1
| #define STDC_HEADERS 1
| #define HAVE_STDLIB_H 1
| #define HAVE_STRINGS_H 1
| #define HAVE_SYS_TIME_H 1
| #define HAVE_UNISTD_H 1
| #define HAVE_WCHAR_H 1
| #define HAVE_STDBOOL_H 1
| #define TIME_WITH_SYS_TIME 1
| #define HAVE_MKDIR 1
| #define HAVE_SELECT 1
| #define HAVE_SOCKET 1
| #define HAVE___SYSV_SIGNAL 1
| /* end confdefs.h.  */
| 
| #include <stddef.h>
| #include <wchar.h>
| /* We define a prototype with one type and the function with
|    another type.  This will result in compilation error
|    unless the types are really identical. */
| int foo(int x);
| size_t foo(size_t x) { return x; }
configure:5633: gcc -c -g -O2  conftest.c >&5
conftest.c:38:8: error: conflicting types for 'foo'
conftest.c:37:14: note: previous declaration of 'foo' was here
configure:5633: $? = 1
configure: failed program was:
| /* confdefs.h */
| #define PACKAGE_NAME ""
| #define PACKAGE_TARNAME ""
| #define PACKAGE_VERSION ""
| #define PACKAGE_STRING ""
| #define PACKAGE_BUGREPORT ""
| #define PACKAGE_URL ""
| #define STDC_HEADERS 1
| #define HAVE_SYS_TYPES_H 1
| #define HAVE_SYS_STAT_H 1
| #define HAVE_STDLIB_H 1
| #define HAVE_STRING_H 1
| #define HAVE_MEMORY_H 1
| #define HAVE_STRINGS_H 1
| #define HAVE_INTTYPES_H 1
| #define HAVE_STDINT_H 1
| #define HAVE_UNISTD_H 1
| #define STDC_HEADERS 1
| #define HAVE_STDLIB_H 1
| #define HAVE_STRINGS_H 1
| #define HAVE_SYS_TIME_H 1
| #define HAVE_UNISTD_H 1
| #define HAVE_WCHAR_H 1
| #define HAVE_STDBOOL_H 1
| #define TIME_WITH_SYS_TIME 1
| #define HAVE_MKDIR 1
| #define HAVE_SELECT 1
| #define HAVE_SOCKET 1
| #define HAVE___SYSV_SIGNAL 1
| /* end confdefs.h.  */
| 
| #include <stddef.h>
| #include <wchar.h>
| /* We define a prototype with one type and the function with
|    another type.  This will result in compilation error
|    unless the types are really identical. */
| unsigned int foo(unsigned int x);
| size_t foo(size_t x) { return x; }
configure:5654: gcc -c -g -O2  conftest.c >&5
conftest.c:38:8: error: conflicting types for 'foo'
conftest.c:37:6: note: previous declaration of 'foo' was here
configure:5654: $? = 1
configure: failed program was:
| /* confdefs.h */
| #define PACKAGE_NAME ""
| #define PACKAGE_TARNAME ""
| #define PACKAGE_VERSION ""
| #define PACKAGE_STRING ""
| #define PACKAGE_BUGREPORT ""
| #define PACKAGE_URL ""
| #define STDC_HEADERS 1
| #define HAVE_SYS_TYPES_H 1
| #define HAVE_SYS_STAT_H 1
| #define HAVE_STDLIB_H 1
| #define HAVE_STRING_H 1
| #define HAVE_MEMORY_H 1
| #define HAVE_STRINGS_H 1
| #define HAVE_INTTYPES_H 1
| #define HAVE_STDINT_H 1
| #define HAVE_UNISTD_H 1
| #define STDC_HEADERS 1
| #define HAVE_STDLIB_H 1
| #define HAVE_STRINGS_H 1
| #define HAVE_SYS_TIME_H 1
| #define HAVE_UNISTD_H 1
| #define HAVE_WCHAR_H 1
| #define HAVE_STDBOOL_H 1
| #define TIME_WITH_SYS_TIME 1
| #define HAVE_MKDIR 1
| #define HAVE_SELECT 1
| #define HAVE_SOCKET 1
| #define HAVE___SYSV_SIGNAL 1
| /* end confdefs.h.  */
| 
| #include <stddef.h>
| #include <wchar.h>
| /* We define a prototype with one type and the function with
|    another type.  This will result in compilation error
|    unless the types are really identical. */
| long foo(long x);
| size_t foo(size_t x) { return x; }
configure:5673: gcc -c -g -O2  conftest.c >&5
configure:5673: $? = 0
configure:5768: result: unsigned long
configure:5772: checking for real definition of wchar_t
configure:5789: gcc -c -g -O2  conftest.c >&5
configure:5789: $? = 0
configure:5943: result: int
configure:6115: checking whether to use CIL feature blockinggraph
configure:6122: result: no
configure:6115: checking whether to use CIL feature zrapp
configure:6122: result: no
configure:6115: checking whether to use CIL feature llvm
configure:6122: result: no
configure:6342: creating ./config.status

## ---------------------- ##
## Running config.status. ##
## ---------------------- ##

This file was extended by config.status, which was
generated by GNU Autoconf 2.69.  Invocation command line was

  CONFIG_FILES    = 
  CONFIG_HEADERS  = 
  CONFIG_LINKS    = 
  CONFIG_COMMANDS = 
  $ ./config.status 

on dsn-thevillage

config.status:867: creating stamp-h
config.status:867: creating Makefile
config.status:867: creating config.mk
config.status:867: creating lib/App/Cilly/CilConfig.pm
config.status:867: creating doc/index.html
config.status:867: creating doc/header.html
config.status:867: creating src/machdep-ml.c
config.status:867: creating config.h

## ---------------- ##
## Cache variables. ##
## ---------------- ##

ac_cv_build=x86_64-apple-darwin13.2.0
ac_cv_c_compiler_gnu=yes
ac_cv_c_const=yes
ac_cv_c_inline=inline
ac_cv_env_CC_set=
ac_cv_env_CC_value=
ac_cv_env_CFLAGS_set=
ac_cv_env_CFLAGS_value=
ac_cv_env_CPPFLAGS_set=
ac_cv_env_CPPFLAGS_value=
ac_cv_env_CPP_set=
ac_cv_env_CPP_value=
ac_cv_env_FORCE_PERL_PREFIX_set=
ac_cv_env_FORCE_PERL_PREFIX_value=
ac_cv_env_LDFLAGS_set=
ac_cv_env_LDFLAGS_value=
ac_cv_env_LIBS_set=
ac_cv_env_LIBS_value=
ac_cv_env_build_alias_set=
ac_cv_env_build_alias_value=
ac_cv_env_host_alias_set=
ac_cv_env_host_alias_value=
ac_cv_env_target_alias_set=
ac_cv_env_target_alias_value=
ac_cv_func___sysv_signal=yes
ac_cv_func_memcmp_working=yes
ac_cv_func_mkdir=yes
ac_cv_func_select=yes
ac_cv_func_socket=yes
ac_cv_header_inttypes_h=yes
ac_cv_header_memory_h=yes
ac_cv_header_stdbool_h=yes
ac_cv_header_stdc=yes
ac_cv_header_stdint_h=yes
ac_cv_header_stdlib_h=yes
ac_cv_header_string_h=yes
ac_cv_header_strings_h=yes
ac_cv_header_sys_stat_h=yes
ac_cv_header_sys_time_h=yes
ac_cv_header_sys_types_h=yes
ac_cv_header_time=yes
ac_cv_header_unistd_h=yes
ac_cv_header_wchar_h=yes
ac_cv_host=x86_64-apple-darwin13.2.0
ac_cv_objext=o
ac_cv_path_EGREP='/bin/grep -E'
ac_cv_path_GREP=/bin/grep
ac_cv_path_install='/usr/bin/install -c'
ac_cv_prog_CPP='gcc -E'
ac_cv_prog_ac_ct_CC=gcc
ac_cv_prog_ac_ct_OCAML=ocaml
ac_cv_prog_ac_ct_OCAMLBUILD=ocamlbuild
ac_cv_prog_ac_ct_OCAMLC=ocamlc
ac_cv_prog_ac_ct_OCAMLDEP=ocamldep
ac_cv_prog_ac_ct_OCAMLDOC=ocamldoc
ac_cv_prog_ac_ct_OCAMLFIND=ocamlfind
ac_cv_prog_ac_ct_OCAMLLEX=ocamllex
ac_cv_prog_ac_ct_OCAMLMKLIB=ocamlmklib
ac_cv_prog_ac_ct_OCAMLMKTOP=ocamlmktop
ac_cv_prog_ac_ct_OCAMLOPT=ocamlopt
ac_cv_prog_ac_ct_OCAMLYACC=ocamlyacc
ac_cv_prog_ac_ct_PERL=perl
ac_cv_prog_cc_c89=
ac_cv_prog_cc_g=yes
ac_cv_target=x86_64-apple-darwin13.2.0
ac_cv_type___builtin_va_list=yes

## ----------------- ##
## Output variables. ##
## ----------------- ##

CC='gcc'
CFLAGS='-g -O2'
CIL_VERSION='1.7.3'
CIL_VERSION_MAJOR='1'
CIL_VERSION_MINOR='7'
CIL_VERSION_REV='3'
CPP='gcc -E'
CPPFLAGS=''
DEFAULT_CIL_MODE='GNUCC'
DEFAULT_COMPILER='_GNUCC'
DEFS='-DHAVE_CONFIG_H'
ECHO_C=''
ECHO_N='-n'
ECHO_T=''
EGREP='/bin/grep -E'
EMUL=''
EXEEXT=''
EXTRAFEATURES=''
EXTRASRCDIRS=''
FORCE_PERL_PREFIX=''
GREP='/bin/grep'
HAS_MSVC='no'
HAVE_BUILTIN_VA_LIST='true'
INSTALL_DATA='${INSTALL} -m 644'
INSTALL_PROGRAM='${INSTALL}'
INSTALL_SCRIPT='${INSTALL}'
LDFLAGS=''
LIBOBJS=''
LIBS=''
LTLIBOBJS=''
OBJEXT='o'
OCAML='ocaml'
OCAMLBEST='opt'
OCAMLBUILD='ocamlbuild'
OCAMLC='ocamlc'
OCAMLCDOTOPT='no'
OCAMLDEP='ocamldep'
OCAMLDOC='ocamldoc'
OCAMLFIND='ocamlfind'
OCAMLLEX='ocamllex'
OCAMLLEXDOTOPT='no'
OCAMLLIB='/usr/lib/ocaml'
OCAMLMKLIB='ocamlmklib'
OCAMLMKTOP='ocamlmktop'
OCAMLOPT='ocamlopt'
OCAMLOPTDOTOPT='no'
OCAMLVERSION='4.01.0'
OCAMLYACC='ocamlyacc'
PACKAGE_BUGREPORT=''
PACKAGE_NAME=''
PACKAGE_STRING=''
PACKAGE_TARNAME=''
PACKAGE_URL=''
PACKAGE_VERSION=''
PATH_SEPARATOR=':'
PERL='perl'
SHELL='/bin/bash'
THREAD_IS_KEYWORD='true'
UNDERSCORE_NAME='false'
ac_ct_CC='gcc'
bindir='${exec_prefix}/bin'
build='x86_64-apple-darwin13.2.0'
build_alias=''
build_cpu='x86_64'
build_os='darwin13.2.0'
build_vendor='apple'
datadir='${datarootdir}'
datarootdir='${prefix}/share'
docdir='${datarootdir}/doc/${PACKAGE}'
dvidir='${docdir}'
exec_prefix='${prefix}'
host='x86_64-apple-darwin13.2.0'
host_alias=''
host_cpu='x86_64'
host_os='darwin13.2.0'
host_vendor='apple'
htmldir='${docdir}'
includedir='${prefix}/include'
infodir='${datarootdir}/info'
libdir='${exec_prefix}/lib'
libexecdir='${exec_prefix}/libexec'
localedir='${datarootdir}/locale'
localstatedir='${prefix}/var'
mandir='${datarootdir}/man'
oldincludedir='/usr/include'
pdfdir='${docdir}'
prefix='/usr/local'
program_transform_name='s,x,x,'
psdir='${docdir}'
sbindir='${exec_prefix}/sbin'
sharedstatedir='${prefix}/com'
sysconfdir='${prefix}/etc'
target='x86_64-apple-darwin13.2.0'
target_alias=''
target_cpu='x86_64'
target_os='darwin13.2.0'
target_vendor='apple'

## ----------- ##
## confdefs.h. ##
## ----------- ##

/* confdefs.h */
#define PACKAGE_NAME ""
#define PACKAGE_TARNAME ""
#define PACKAGE_VERSION ""
#define PACKAGE_STRING ""
#define PACKAGE_BUGREPORT ""
#define PACKAGE_URL ""
#define STDC_HEADERS 1
#define HAVE_SYS_TYPES_H 1
#define HAVE_SYS_STAT_H 1
#define HAVE_STDLIB_H 1
#define HAVE_STRING_H 1
#define HAVE_MEMORY_H 1
#define HAVE_STRINGS_H 1
#define HAVE_INTTYPES_H 1
#define HAVE_STDINT_H 1
#define HAVE_UNISTD_H 1
#define STDC_HEADERS 1
#define HAVE_STDLIB_H 1
#define HAVE_STRINGS_H 1
#define HAVE_SYS_TIME_H 1
#define HAVE_UNISTD_H 1
#define HAVE_WCHAR_H 1
#define HAVE_STDBOOL_H 1
#define TIME_WITH_SYS_TIME 1
#define HAVE_MKDIR 1
#define HAVE_SELECT 1
#define HAVE_SOCKET 1
#define HAVE___SYSV_SIGNAL 1
#define TYPE_SIZE_T "unsigned long"
#define TYPE_WCHAR_T "int"

configure: exit 0

## ---------------------- ##
## Running config.status. ##
## ---------------------- ##

This file was extended by config.status, which was
generated by GNU Autoconf 2.69.  Invocation command line was

  CONFIG_FILES    = 
  CONFIG_HEADERS  = 
  CONFIG_LINKS    = 
  CONFIG_COMMANDS = 
  $ ./config.status --file=_build/cilversion.ml:src/cilversion.ml.in

on dsn-thevillage

config.status:867: creating _build/cilversion.ml

## ---------------------- ##
## Running config.status. ##
## ---------------------- ##

This file was extended by config.status, which was
generated by GNU Autoconf 2.69.  Invocation command line was

  CONFIG_FILES    = 
  CONFIG_HEADERS  = 
  CONFIG_LINKS    = 
  CONFIG_COMMANDS = 
  $ ./config.status 

on dsn-thevillage

config.status:867: creating stamp-h
config.status:867: creating Makefile
config.status:867: creating config.mk
config.status:867: creating lib/App/Cilly/CilConfig.pm
config.status:867: creating doc/index.html
config.status:867: creating doc/header.html
config.status:867: creating src/machdep-ml.c
config.status:867: creating config.h
config.status:1042: config.h is unchanged
